2024-07-16 10:01:25.548  INFO 1568 --- [kground-preinit] org.hibernate.validator.internal.util.Version : HV000001: Hibernate Validator 8.0.1.Final
2024-07-16 10:01:27.270  INFO 1568 --- [           main] org.springframework.data.repository.config.RepositoryConfigurationDelegate : Bootstrapping Spring Data JPA repositories in DEFAULT mode.
2024-07-16 10:01:27.401  INFO 1568 --- [           main] org.springframework.data.repository.config.RepositoryConfigurationDelegate : Finished Spring Data repository scanning in 110 ms. Found 1 JPA repository interface.
2024-07-16 10:01:28.626  INFO 1568 --- [           main] org.springframework.boot.web.embedded.tomcat.TomcatWebServer : Tomcat initialized with port 8081 (http)
2024-07-16 10:01:28.660  INFO 1568 --- [           main] org.apache.catalina.core.StandardService : Starting service [Tomcat]
2024-07-16 10:01:28.661  INFO 1568 --- [           main] org.apache.catalina.core.StandardEngine : Starting Servlet engine: [Apache Tomcat/10.1.24]
2024-07-16 10:01:28.873  INFO 1568 --- [           main] org.apache.catalina.core.ContainerBase.[Tomcat].[localhost].[/] : Initializing Spring embedded WebApplicationContext
2024-07-16 10:01:28.880  INFO 1568 --- [           main] org.springframework.boot.web.servlet.context.ServletWebServerApplicationContext : Root WebApplicationContext: initialization completed in 3162 ms
2024-07-16 10:01:29.324  INFO 1568 --- [           main] org.hibernate.jpa.internal.util.LogHelper : HHH000204: Processing PersistenceUnitInfo [name: default]
2024-07-16 10:01:29.443  INFO 1568 --- [           main] org.hibernate.Version : HHH000412: Hibernate ORM core version 6.5.2.Final
2024-07-16 10:01:29.547  INFO 1568 --- [           main] org.hibernate.cache.internal.RegionFactoryInitiator : HHH000026: Second-level cache disabled
2024-07-16 10:01:30.236  INFO 1568 --- [           main] org.springframework.orm.jpa.persistenceunit.SpringPersistenceUnitInfo : No LoadTimeWeaver setup: ignoring JPA class transformer
2024-07-16 10:01:30.296  INFO 1568 --- [           main] com.zaxxer.hikari.HikariDataSource : HikariPool-1 - Starting...
2024-07-16 10:01:30.920  INFO 1568 --- [           main] com.zaxxer.hikari.pool.HikariPool : HikariPool-1 - Added connection com.mysql.cj.jdbc.ConnectionImpl@7be3abaa
2024-07-16 10:01:30.923  INFO 1568 --- [           main] com.zaxxer.hikari.HikariDataSource : HikariPool-1 - Start completed.
2024-07-16 10:01:32.933  INFO 1568 --- [           main] org.hibernate.engine.transaction.jta.platform.internal.JtaPlatformInitiator : HHH000489: No JTA platform available (set 'hibernate.transaction.jta.platform' to enable JTA platform integration)
2024-07-16 10:01:33.018  INFO 1568 --- [           main] org.springframework.orm.jpa.LocalContainerEntityManagerFactoryBean : Initialized JPA EntityManagerFactory for persistence unit 'default'
2024-07-16 10:01:33.499  WARN 1568 --- [           main] org.springframework.boot.autoconfigure.orm.jpa.JpaBaseConfiguration$JpaWebConfiguration : spring.jpa.open-in-view is enabled by default. Therefore, database queries may be performed during view rendering. Explicitly configure spring.jpa.open-in-view to disable this warning
2024-07-16 10:01:34.821  INFO 1568 --- [           main] org.springframework.boot.web.embedded.tomcat.TomcatWebServer : Tomcat started on port 8081 (http) with context path '/'
2024-07-16 10:01:51.643  INFO 1568 --- [nio-8081-exec-1] org.apache.catalina.core.ContainerBase.[Tomcat].[localhost].[/] : Initializing Spring DispatcherServlet 'dispatcherServlet'
2024-07-16 10:01:51.644  INFO 1568 --- [nio-8081-exec-1] org.springframework.web.servlet.DispatcherServlet : Initializing Servlet 'dispatcherServlet'
2024-07-16 10:01:51.646  INFO 1568 --- [nio-8081-exec-1] org.springframework.web.servlet.DispatcherServlet : Completed initialization in 1 ms
2024-07-16 10:02:37.305  INFO 1568 --- [ionShutdownHook] org.springframework.orm.jpa.LocalContainerEntityManagerFactoryBean : Closing JPA EntityManagerFactory for persistence unit 'default'
2024-07-16 10:02:37.310  INFO 1568 --- [ionShutdownHook] com.zaxxer.hikari.HikariDataSource : HikariPool-1 - Shutdown initiated...
2024-07-16 10:02:37.325  INFO 1568 --- [ionShutdownHook] com.zaxxer.hikari.HikariDataSource : HikariPool-1 - Shutdown completed.
2024-07-16 10:02:43.125  INFO 13036 --- [kground-preinit] org.hibernate.validator.internal.util.Version : HV000001: Hibernate Validator 8.0.1.Final
2024-07-16 10:02:44.816  INFO 13036 --- [           main] org.springframework.data.repository.config.RepositoryConfigurationDelegate : Bootstrapping Spring Data JPA repositories in DEFAULT mode.
2024-07-16 10:02:44.946  INFO 13036 --- [           main] org.springframework.data.repository.config.RepositoryConfigurationDelegate : Finished Spring Data repository scanning in 108 ms. Found 1 JPA repository interface.
2024-07-16 10:02:46.182  INFO 13036 --- [           main] org.springframework.boot.web.embedded.tomcat.TomcatWebServer : Tomcat initialized with port 8081 (http)
2024-07-16 10:02:46.208  INFO 13036 --- [           main] org.apache.catalina.core.StandardService : Starting service [Tomcat]
2024-07-16 10:02:46.209  INFO 13036 --- [           main] org.apache.catalina.core.StandardEngine : Starting Servlet engine: [Apache Tomcat/10.1.24]
2024-07-16 10:02:46.376  INFO 13036 --- [           main] org.apache.catalina.core.ContainerBase.[Tomcat].[localhost].[/] : Initializing Spring embedded WebApplicationContext
2024-07-16 10:02:46.380  INFO 13036 --- [           main] org.springframework.boot.web.servlet.context.ServletWebServerApplicationContext : Root WebApplicationContext: initialization completed in 3051 ms
2024-07-16 10:02:46.759  INFO 13036 --- [           main] org.hibernate.jpa.internal.util.LogHelper : HHH000204: Processing PersistenceUnitInfo [name: default]
2024-07-16 10:02:46.867  INFO 13036 --- [           main] org.hibernate.Version : HHH000412: Hibernate ORM core version 6.5.2.Final
2024-07-16 10:02:47.029  INFO 13036 --- [           main] org.hibernate.cache.internal.RegionFactoryInitiator : HHH000026: Second-level cache disabled
2024-07-16 10:02:47.734  INFO 13036 --- [           main] org.springframework.orm.jpa.persistenceunit.SpringPersistenceUnitInfo : No LoadTimeWeaver setup: ignoring JPA class transformer
2024-07-16 10:02:47.800  INFO 13036 --- [           main] com.zaxxer.hikari.HikariDataSource : HikariPool-1 - Starting...
2024-07-16 10:02:48.460  INFO 13036 --- [           main] com.zaxxer.hikari.pool.HikariPool : HikariPool-1 - Added connection com.mysql.cj.jdbc.ConnectionImpl@2e1291a4
2024-07-16 10:02:48.463  INFO 13036 --- [           main] com.zaxxer.hikari.HikariDataSource : HikariPool-1 - Start completed.
2024-07-16 10:02:50.653  INFO 13036 --- [           main] org.hibernate.engine.transaction.jta.platform.internal.JtaPlatformInitiator : HHH000489: No JTA platform available (set 'hibernate.transaction.jta.platform' to enable JTA platform integration)
2024-07-16 10:02:50.726  INFO 13036 --- [           main] org.springframework.orm.jpa.LocalContainerEntityManagerFactoryBean : Initialized JPA EntityManagerFactory for persistence unit 'default'
2024-07-16 10:02:51.147  WARN 13036 --- [           main] org.springframework.boot.autoconfigure.orm.jpa.JpaBaseConfiguration$JpaWebConfiguration : spring.jpa.open-in-view is enabled by default. Therefore, database queries may be performed during view rendering. Explicitly configure spring.jpa.open-in-view to disable this warning
2024-07-16 10:02:52.325  INFO 13036 --- [           main] org.springframework.boot.web.embedded.tomcat.TomcatWebServer : Tomcat started on port 8081 (http) with context path '/'
2024-07-16 10:02:55.039  INFO 13036 --- [nio-8081-exec-2] org.apache.catalina.core.ContainerBase.[Tomcat].[localhost].[/] : Initializing Spring DispatcherServlet 'dispatcherServlet'
2024-07-16 10:02:55.039  INFO 13036 --- [nio-8081-exec-2] org.springframework.web.servlet.DispatcherServlet : Initializing Servlet 'dispatcherServlet'
2024-07-16 10:02:55.041  INFO 13036 --- [nio-8081-exec-2] org.springframework.web.servlet.DispatcherServlet : Completed initialization in 1 ms
2024-07-16 10:03:29.622  INFO 13036 --- [ionShutdownHook] org.springframework.orm.jpa.LocalContainerEntityManagerFactoryBean : Closing JPA EntityManagerFactory for persistence unit 'default'
2024-07-16 10:03:29.630  INFO 13036 --- [ionShutdownHook] com.zaxxer.hikari.HikariDataSource : HikariPool-1 - Shutdown initiated...
2024-07-16 10:03:29.650  INFO 13036 --- [ionShutdownHook] com.zaxxer.hikari.HikariDataSource : HikariPool-1 - Shutdown completed.
2024-07-16 10:03:33.620  INFO 8504 --- [kground-preinit] org.hibernate.validator.internal.util.Version : HV000001: Hibernate Validator 8.0.1.Final
2024-07-16 10:03:35.579  INFO 8504 --- [           main] org.springframework.data.repository.config.RepositoryConfigurationDelegate : Bootstrapping Spring Data JPA repositories in DEFAULT mode.
2024-07-16 10:03:35.737  INFO 8504 --- [           main] org.springframework.data.repository.config.RepositoryConfigurationDelegate : Finished Spring Data repository scanning in 135 ms. Found 1 JPA repository interface.
2024-07-16 10:03:37.036  INFO 8504 --- [           main] org.springframework.boot.web.embedded.tomcat.TomcatWebServer : Tomcat initialized with port 8081 (http)
2024-07-16 10:03:37.068  INFO 8504 --- [           main] org.apache.catalina.core.StandardService : Starting service [Tomcat]
2024-07-16 10:03:37.069  INFO 8504 --- [           main] org.apache.catalina.core.StandardEngine : Starting Servlet engine: [Apache Tomcat/10.1.24]
2024-07-16 10:03:37.301  INFO 8504 --- [           main] org.apache.catalina.core.ContainerBase.[Tomcat].[localhost].[/] : Initializing Spring embedded WebApplicationContext
2024-07-16 10:03:37.306  INFO 8504 --- [           main] org.springframework.boot.web.servlet.context.ServletWebServerApplicationContext : Root WebApplicationContext: initialization completed in 3380 ms
2024-07-16 10:03:37.666  INFO 8504 --- [           main] org.hibernate.jpa.internal.util.LogHelper : HHH000204: Processing PersistenceUnitInfo [name: default]
2024-07-16 10:03:37.783  INFO 8504 --- [           main] org.hibernate.Version : HHH000412: Hibernate ORM core version 6.5.2.Final
2024-07-16 10:03:37.861  INFO 8504 --- [           main] org.hibernate.cache.internal.RegionFactoryInitiator : HHH000026: Second-level cache disabled
2024-07-16 10:03:38.532  INFO 8504 --- [           main] org.springframework.orm.jpa.persistenceunit.SpringPersistenceUnitInfo : No LoadTimeWeaver setup: ignoring JPA class transformer
2024-07-16 10:03:38.597  INFO 8504 --- [           main] com.zaxxer.hikari.HikariDataSource : HikariPool-1 - Starting...
2024-07-16 10:03:39.314  INFO 8504 --- [           main] com.zaxxer.hikari.pool.HikariPool : HikariPool-1 - Added connection com.mysql.cj.jdbc.ConnectionImpl@2e1291a4
2024-07-16 10:03:39.317  INFO 8504 --- [           main] com.zaxxer.hikari.HikariDataSource : HikariPool-1 - Start completed.
2024-07-16 10:03:41.282  INFO 8504 --- [           main] org.hibernate.engine.transaction.jta.platform.internal.JtaPlatformInitiator : HHH000489: No JTA platform available (set 'hibernate.transaction.jta.platform' to enable JTA platform integration)
2024-07-16 10:03:41.369  INFO 8504 --- [           main] org.springframework.orm.jpa.LocalContainerEntityManagerFactoryBean : Initialized JPA EntityManagerFactory for persistence unit 'default'
2024-07-16 10:03:41.837  WARN 8504 --- [           main] org.springframework.boot.autoconfigure.orm.jpa.JpaBaseConfiguration$JpaWebConfiguration : spring.jpa.open-in-view is enabled by default. Therefore, database queries may be performed during view rendering. Explicitly configure spring.jpa.open-in-view to disable this warning
2024-07-16 10:03:43.136  INFO 8504 --- [           main] org.springframework.boot.web.embedded.tomcat.TomcatWebServer : Tomcat started on port 8081 (http) with context path '/'
2024-07-16 10:03:57.805  INFO 8504 --- [nio-8081-exec-1] org.apache.catalina.core.ContainerBase.[Tomcat].[localhost].[/] : Initializing Spring DispatcherServlet 'dispatcherServlet'
2024-07-16 10:03:57.805  INFO 8504 --- [nio-8081-exec-1] org.springframework.web.servlet.DispatcherServlet : Initializing Servlet 'dispatcherServlet'
2024-07-16 10:03:57.807  INFO 8504 --- [nio-8081-exec-1] org.springframework.web.servlet.DispatcherServlet : Completed initialization in 1 ms
2024-07-16 10:04:43.619  INFO 8504 --- [ionShutdownHook] org.springframework.orm.jpa.LocalContainerEntityManagerFactoryBean : Closing JPA EntityManagerFactory for persistence unit 'default'
2024-07-16 10:04:43.622  INFO 8504 --- [ionShutdownHook] com.zaxxer.hikari.HikariDataSource : HikariPool-1 - Shutdown initiated...
2024-07-16 10:04:43.633  INFO 8504 --- [ionShutdownHook] com.zaxxer.hikari.HikariDataSource : HikariPool-1 - Shutdown completed.
